# JRE version: Java(TM) SE Runtime Environment (8.0_25-b18) (build 1.8.0_25-b18)
# Java VM: Java HotSpot(TM) 64-Bit Server VM (25.25-b02 mixed mode windows-amd64 compressed oops)
Heap:
 PSYoungGen      total 18944K, used 13373K [0x00000000eb400000, 0x00000000ed900000, 0x0000000100000000)
  eden space 16384K, 66% used [0x00000000eb400000,0x00000000ebe8fc40,0x00000000ec400000)
  from space 2560K, 99% used [0x00000000ed680000,0x00000000ed8ff8d0,0x00000000ed900000)
  to   space 2560K, 0% used [0x00000000ec400000,0x00000000ec400000,0x00000000ec680000)
 ParOldGen       total 44032K, used 1220K [0x00000000c1c00000, 0x00000000c4700000, 0x00000000eb400000)
  object space 44032K, 2% used [0x00000000c1c00000,0x00000000c1d31290,0x00000000c4700000)
 Metaspace       used 16864K, capacity 17618K, committed 17792K, reserved 1064960K
  class space    used 2432K, capacity 2567K, committed 2688K, reserved 1048576K
GC Heap History (4 events):
Event: 0.748 GC heap before
{Heap before GC invocations=1 (full 0):
 PSYoungGen      total 18944K, used 16384K [0x00000000eb400000, 0x00000000ec900000, 0x0000000100000000)
  eden space 16384K, 100% used [0x00000000eb400000,0x00000000ec400000,0x00000000ec400000)
  from space 2560K, 0% used [0x00000000ec680000,0x00000000ec680000,0x00000000ec900000)
  to   space 2560K, 0% used [0x00000000ec400000,0x00000000ec400000,0x00000000ec680000)
 ParOldGen       total 44032K, used 0K [0x00000000c1c00000, 0x00000000c4700000, 0x00000000eb400000)
  object space 44032K, 0% used [0x00000000c1c00000,0x00000000c1c00000,0x00000000c4700000)
 Metaspace       used 10333K, capacity 10710K, committed 11008K, reserved 1058816K
  class space    used 1361K, capacity 1441K, committed 1536K, reserved 1048576K
Event: 0.757 GC heap after
Heap after GC invocations=1 (full 0):
 PSYoungGen      total 18944K, used 2535K [0x00000000eb400000, 0x00000000ed900000, 0x0000000100000000)
  eden space 16384K, 0% used [0x00000000eb400000,0x00000000eb400000,0x00000000ec400000)
  from space 2560K, 99% used [0x00000000ec400000,0x00000000ec679c90,0x00000000ec680000)
  to   space 2560K, 0% used [0x00000000ed680000,0x00000000ed680000,0x00000000ed900000)
 ParOldGen       total 44032K, used 184K [0x00000000c1c00000, 0x00000000c4700000, 0x00000000eb400000)
  object space 44032K, 0% used [0x00000000c1c00000,0x00000000c1c2e000,0x00000000c4700000)
 Metaspace       used 10333K, capacity 10710K, committed 11008K, reserved 1058816K
  class space    used 1361K, capacity 1441K, committed 1536K, reserved 1048576K
}
Event: 11.005 GC heap before
{Heap before GC invocations=2 (full 0):
 PSYoungGen      total 18944K, used 15511K [0x00000000eb400000, 0x00000000ed900000, 0x0000000100000000)
  eden space 16384K, 79% used [0x00000000eb400000,0x00000000ec0ac118,0x00000000ec400000)
  from space 2560K, 99% used [0x00000000ec400000,0x00000000ec679c90,0x00000000ec680000)
  to   space 2560K, 0% used [0x00000000ed680000,0x00000000ed680000,0x00000000ed900000)
 ParOldGen       total 44032K, used 184K [0x00000000c1c00000, 0x00000000c4700000, 0x00000000eb400000)
  object space 44032K, 0% used [0x00000000c1c00000,0x00000000c1c2e000,0x00000000c4700000)
 Metaspace       used 15101K, capacity 15812K, committed 16000K, reserved 1062912K
  class space    used 2233K, capacity 2376K, committed 2432K, reserved 1048576K
Event: 11.011 GC heap after
Heap after GC invocations=2 (full 0):
 PSYoungGen      total 18944K, used 2558K [0x00000000eb400000, 0x00000000ed900000, 0x0000000100000000)
  eden space 16384K, 0% used [0x00000000eb400000,0x00000000eb400000,0x00000000ec400000)
  from space 2560K, 99% used [0x00000000ed680000,0x00000000ed8ff8d0,0x00000000ed900000)
  to   space 2560K, 0% used [0x00000000ec400000,0x00000000ec400000,0x00000000ec680000)
 ParOldGen       total 44032K, used 1220K [0x00000000c1c00000, 0x00000000c4700000, 0x00000000eb400000)
  object space 44032K, 2% used [0x00000000c1c00000,0x00000000c1d31290,0x00000000c4700000)
 Metaspace       used 15101K, capacity 15812K, committed 16000K, reserved 1062912K
  class space    used 2233K, capacity 2376K, committed 2432K, reserved 1048576K
}

